
Showing logs for build [32mcb-kubecd-environment-pr-187-5-xd96z-2[0m stage [32mfrom-build-pack[0m and container [32mstep-credential-initializer-6cn9h[0m
{"level":"warn","ts":1584764828.2055552,"logger":"fallback-logger","caller":"logging/config.go:69","msg":"Fetch GitHub commit ID from kodata failed: \"ref: refs/heads/0.8.0-**-support-backwards-incompats\" is not a valid GitHub commit ID"}
{"level":"info","ts":1584764828.2060602,"logger":"fallback-logger","caller":"creds-init/main.go:40","msg":"Credentials initialized."}

Showing logs for build [32mcb-kubecd-environment-pr-187-5-xd96z-2[0m stage [32mfrom-build-pack[0m and container [32mstep-working-dir-initializer-4z786[0m
{"level":"warn","ts":1584764829.6375062,"logger":"fallback-logger","caller":"logging/config.go:69","msg":"Fetch GitHub commit ID from kodata failed: open /var/run/ko/HEAD: no such file or directory"}
{"level":"info","ts":1584764829.639541,"logger":"fallback-logger","caller":"bash/main.go:64","msg":"Successfully executed command \"sh -c mkdir -p /workspace/source\"; output "}

Showing logs for build [32mcb-kubecd-environment-pr-187-5-xd96z-2[0m stage [32mfrom-build-pack[0m and container [32mstep-place-tools[0m

Showing logs for build [32mcb-kubecd-environment-pr-187-5-xd96z-2[0m stage [32mfrom-build-pack[0m and container [32mstep-git-source-cb-kubecd-environment-pr-187-5-xd96z-k8vs6[0m
{"level":"warn","ts":1584764859.684777,"logger":"fallback-logger","caller":"logging/config.go:69","msg":"Fetch GitHub commit ID from kodata failed: \"ref: refs/heads/0.8.0-**-support-backwards-incompats\" is not a valid GitHub commit ID"}
{"level":"info","ts":1584764860.7424989,"logger":"fallback-logger","caller":"git/git.go:103","msg":"Successfully cloned https://github.com/cb-kubecd/environment-pr-187-5-boot-gke-staging.git @ master in path /workspace/source"}

Showing logs for build [32mcb-kubecd-environment-pr-187-5-xd96z-2[0m stage [32mfrom-build-pack[0m and container [32mstep-git-merge[0m
Using SHAs from PULL_REFS=master:b4ccb148ef892931685c21f6bb8dbb573b64a948,1:1eb2afb92c953093759cb745c22ef8b264435f79
DEBUG: LC_ALL=C JX_LOG_LEVEL=error git fetch origin --unshallow 1eb2afb92c953093759cb745c22ef8b264435f79: b4ccb148ef892931685c21f6bb8dbb573b64a948:
DEBUG: ran git fetch --unshallow origin 1eb2afb92c953093759cb745c22ef8b264435f79: b4ccb148ef892931685c21f6bb8dbb573b64a948: in 
DEBUG: LC_ALL=C JX_LOG_LEVEL=error git branch
DEBUG: LC_ALL=C JX_LOG_LEVEL=error git checkout master
DEBUG: ran git checkout master in 
DEBUG: LC_ALL=C JX_LOG_LEVEL=error git reset --hard b4ccb148ef892931685c21f6bb8dbb573b64a948
DEBUG: ran git reset --hard b4ccb148ef892931685c21f6bb8dbb573b64a948 in 
DEBUG: LC_ALL=C JX_LOG_LEVEL=error git clean -fd .
DEBUG: ran clean --force -d . in 
DEBUG: LC_ALL=C JX_LOG_LEVEL=error git merge 1eb2afb92c953093759cb745c22ef8b264435f79
DEBUG: ran git merge 1eb2afb92c953093759cb745c22ef8b264435f79 in 
DEBUG: LC_ALL=C JX_LOG_LEVEL=error git log --format=%H%x1f%an%x1f%ae%x1f%cn%x1f%ce%x1f%s%n%b%x1e b4ccb148ef892931685c21f6bb8dbb573b64a948..HEAD
Merged SHA 1eb2afb92c953093759cb745c22ef8b264435f79 with commit message 'chore: Promote bdd-spring-1584764516 to version 0.0.1' into base branch master

Showing logs for build [32mcb-kubecd-environment-pr-187-5-xd96z-2[0m stage [32mfrom-build-pack[0m and container [32mstep-build-helm-build[0m
WARNING: No $CHART_REPOSITORY defined so using the default value of: http://jenkins-x-chartmuseum:8080
Adding missing Helm repo: storage.googleapis.com https://storage.googleapis.com/chartmuseum.jenkins-x.io
WARNING: No secrets found on "helm/repos" due: reading the secret "helm/repos" from vault: no secret "helm/repos" not found in vault
Read credentials for https://storage.googleapis.com/chartmuseum.jenkins-x.io from vault helm/repos
Successfully added Helm repository storage.googleapis.com.
Adding missing Helm repo: jenkins-x-chartmuseum http://jenkins-x-chartmuseum:8080
WARNING: No secrets found on "helm/repos" due: reading the secret "helm/repos" from vault: no secret "helm/repos" not found in vault
Read credentials for http://jenkins-x-chartmuseum:8080 from vault helm/repos
Successfully added Helm repository jenkins-x-chartmuseum.
WARNING: No $CHART_REPOSITORY defined so using the default value of: http://jenkins-x-chartmuseum:8080
Adding missing Helm repo: chartmuseum.jenkins-x.io http://chartmuseum.jenkins-x.io
WARNING: No secrets found on "helm/repos" due: reading the secret "helm/repos" from vault: no secret "helm/repos" not found in vault
Read credentials for http://chartmuseum.jenkins-x.io from vault helm/repos
Successfully added Helm repository chartmuseum.jenkins-x.io.
