
Showing logs for build [32mcb-kubecd-environment-pr-187-5-5tzq9-1[0m stage [32mfrom-build-pack[0m and container [32mstep-credential-initializer-gddd5[0m
{"level":"warn","ts":1584767245.8686388,"logger":"fallback-logger","caller":"logging/config.go:69","msg":"Fetch GitHub commit ID from kodata failed: \"ref: refs/heads/0.8.0-**-support-backwards-incompats\" is not a valid GitHub commit ID"}
{"level":"info","ts":1584767245.8692327,"logger":"fallback-logger","caller":"creds-init/main.go:40","msg":"Credentials initialized."}

Showing logs for build [32mcb-kubecd-environment-pr-187-5-5tzq9-1[0m stage [32mfrom-build-pack[0m and container [32mstep-working-dir-initializer-6tzlj[0m
{"level":"warn","ts":1584767247.7664943,"logger":"fallback-logger","caller":"logging/config.go:69","msg":"Fetch GitHub commit ID from kodata failed: open /var/run/ko/HEAD: no such file or directory"}
{"level":"info","ts":1584767247.768942,"logger":"fallback-logger","caller":"bash/main.go:64","msg":"Successfully executed command \"sh -c mkdir -p /workspace/source\"; output "}

Showing logs for build [32mcb-kubecd-environment-pr-187-5-5tzq9-1[0m stage [32mfrom-build-pack[0m and container [32mstep-place-tools[0m

Showing logs for build [32mcb-kubecd-environment-pr-187-5-5tzq9-1[0m stage [32mfrom-build-pack[0m and container [32mstep-git-source-cb-kubecd-environment-pr-187-5-5tzq9-c8sqh[0m
{"level":"warn","ts":1584767253.2270525,"logger":"fallback-logger","caller":"logging/config.go:69","msg":"Fetch GitHub commit ID from kodata failed: \"ref: refs/heads/0.8.0-**-support-backwards-incompats\" is not a valid GitHub commit ID"}
{"level":"info","ts":1584767254.284937,"logger":"fallback-logger","caller":"git/git.go:103","msg":"Successfully cloned https://github.com/cb-kubecd/environment-pr-187-5-boot-gke-staging.git @ master in path /workspace/source"}

Showing logs for build [32mcb-kubecd-environment-pr-187-5-5tzq9-1[0m stage [32mfrom-build-pack[0m and container [32mstep-git-merge[0m
Using SHAs from PULL_REFS=master:ff95b23ca66cee054a53fcd2b23708ad59d76fba,4:74ce701e7e46619ae4f336d1b528e84cb4935ce4
DEBUG: LC_ALL=C JX_LOG_LEVEL=error git fetch origin --unshallow 74ce701e7e46619ae4f336d1b528e84cb4935ce4: ff95b23ca66cee054a53fcd2b23708ad59d76fba:
DEBUG: ran git fetch --unshallow origin 74ce701e7e46619ae4f336d1b528e84cb4935ce4: ff95b23ca66cee054a53fcd2b23708ad59d76fba: in 
DEBUG: LC_ALL=C JX_LOG_LEVEL=error git branch
DEBUG: LC_ALL=C JX_LOG_LEVEL=error git checkout master
DEBUG: ran git checkout master in 
DEBUG: LC_ALL=C JX_LOG_LEVEL=error git reset --hard ff95b23ca66cee054a53fcd2b23708ad59d76fba
DEBUG: ran git reset --hard ff95b23ca66cee054a53fcd2b23708ad59d76fba in 
DEBUG: LC_ALL=C JX_LOG_LEVEL=error git clean -fd .
DEBUG: ran clean --force -d . in 
DEBUG: LC_ALL=C JX_LOG_LEVEL=error git merge 74ce701e7e46619ae4f336d1b528e84cb4935ce4
DEBUG: ran git merge 74ce701e7e46619ae4f336d1b528e84cb4935ce4 in 
DEBUG: LC_ALL=C JX_LOG_LEVEL=error git log --format=%H%x1f%an%x1f%ae%x1f%cn%x1f%ce%x1f%s%n%b%x1e ff95b23ca66cee054a53fcd2b23708ad59d76fba..HEAD
Merged SHA 74ce701e7e46619ae4f336d1b528e84cb4935ce4 with commit message 'chore: Promote bdd-nh-1584765570 to version 0.0.1' into base branch master

Showing logs for build [32mcb-kubecd-environment-pr-187-5-5tzq9-1[0m stage [32mfrom-build-pack[0m and container [32mstep-build-helm-build[0m
WARNING: No $CHART_REPOSITORY defined so using the default value of: http://jenkins-x-chartmuseum:8080
Adding missing Helm repo: storage.googleapis.com https://storage.googleapis.com/chartmuseum.jenkins-x.io
WARNING: No secrets found on "helm/repos" due: reading the secret "helm/repos" from vault: no secret "helm/repos" not found in vault
Read credentials for https://storage.googleapis.com/chartmuseum.jenkins-x.io from vault helm/repos
Successfully added Helm repository storage.googleapis.com.
Adding missing Helm repo: jenkins-x-chartmuseum http://jenkins-x-chartmuseum:8080
WARNING: No secrets found on "helm/repos" due: reading the secret "helm/repos" from vault: no secret "helm/repos" not found in vault
Read credentials for http://jenkins-x-chartmuseum:8080 from vault helm/repos
Successfully added Helm repository jenkins-x-chartmuseum.
WARNING: No $CHART_REPOSITORY defined so using the default value of: http://jenkins-x-chartmuseum:8080
Adding missing Helm repo: chartmuseum.jenkins-x.io http://chartmuseum.jenkins-x.io
WARNING: No secrets found on "helm/repos" due: reading the secret "helm/repos" from vault: no secret "helm/repos" not found in vault
Read credentials for http://chartmuseum.jenkins-x.io from vault helm/repos
Successfully added Helm repository chartmuseum.jenkins-x.io.
